算法名称：BLASTX
对象：1sequence
长度：100bp
时间：180.79s
identity：95.45454545454545
e-value：1.82245e-05
score：111.0
----------------------------------------
算法名称：BLASTX
对象：1sequence
长度：500bp
时间：79.99s
identity：96.0
e-value：1.26718e-05
score：125.0
----------------------------------------
算法名称：BLASTX
对象：1sequence
长度：1000bp
时间：80.04s
identity：100.0
e-value：5.16872e-43
score：398.0
----------------------------------------
算法名称：BLASTX
对象：1sequence
长度：2000bp
时间：79.95s
identity：100.0
e-value：1.9922e-40
score：398.0
----------------------------------------
算法名称：BLASTX
对象：2sequence
长度：100bp
时间：80.06s
identity：100.0
e-value：6.47942e-12
score：153.0
----------------------------------------
算法名称：BLASTX
对象：2sequence
长度：500bp
时间：139.93s
identity：99.23076923076923
e-value：2.91075e-83
score：651.0
----------------------------------------
算法名称：BLASTX
对象：2sequence
长度：1000bp
时间：139.99s
identity：100.0
e-value：1.19614e-163
score：1207.0
----------------------------------------
算法名称：BLASTX
对象：2sequence
长度：2000bp
时间：920.04s
identity：97.92746113989638
e-value：0.0
score：3012.0
----------------------------------------
算法名称：BLASTX
对象：3sequence
长度：100bp
时间：79.92s
identity：-
e-value：-
score：-
----------------------------------------
算法名称：BLASTX
对象：3sequence
长度：500bp
时间：80.08s
identity：48.484848484848484
e-value：9.45135e-05
score：126.0
----------------------------------------
算法名称：BLASTX
对象：3sequence
长度：1000bp
时间：79.95s
identity：64.28571428571429
e-value：5.09946e-09
score：157.0
----------------------------------------
算法名称：BLASTX
对象：3sequence
长度：2000bp
时间：80.05s
identity：84.21052631578948
e-value：1.72312e-09
score：160.0
----------------------------------------
算法名称：BLASTX
对象：4sequence
长度：100bp
时间：79.92s
identity：-
e-value：-
score：-
----------------------------------------
算法名称：BLASTX
对象：4sequence
长度：500bp
时间：80.06s
identity：66.0
e-value：2.02738e-31
score：317.0
----------------------------------------
算法名称：BLASTX
对象：4sequence
长度：1000bp
时间：139.98s
identity：63.63636363636363
e-value：3.06646e-30
score：310.0
----------------------------------------
算法名称：BLASTX
对象：4sequence
长度：2000bp
时间：320.19s
identity：63.63636363636363
e-value：1.53858e-28
score：310.0
----------------------------------------
